<?xml version="1.0" encoding="UTF-8"?>
<!-- Generated by org.testng.reporters.JUnitReportReporter -->
<testsuite hostname="DESKTOP-VLRG4S1" failures="0" tests="1" name="JenkinsProject.Jenkinsone.Multiple_windows" time="15.964" errors="0" timestamp="2023-08-23T11:25:17 IST" skipped="0">
  <testcase classname="JenkinsProject.Jenkinsone.Multiple_windows" name="check" time="15.964"/>
  <system-out/>
</testsuite> <!-- JenkinsProject.Jenkinsone.Multiple_windows -->
