<?xml version="1.0" encoding="UTF-8"?>
<!-- Generated by org.testng.reporters.JUnitReportReporter -->
<testsuite hostname="DESKTOP-VLRG4S1" failures="0" tests="1" name="JenkinsProject.Jenkinsone.Multiple_windows" time="17.525" errors="0" timestamp="2023-08-23T12:22:55 IST" skipped="0">
  <testcase classname="JenkinsProject.Jenkinsone.Multiple_windows" name="check" time="17.525"/>
</testsuite> <!-- JenkinsProject.Jenkinsone.Multiple_windows -->
